0 verbose cli /usr/local/nvm/versions/node/v16.4.0/bin/node /usr/local/nvm/versions/node/v16.4.0/bin/npm
1 info using npm@8.19.1
2 info using node@v16.4.0
3 timing npm:load:whichnode Completed in 0ms
4 timing config:load:defaults Completed in 1ms
5 timing config:load:file:/usr/local/nvm/versions/node/v16.4.0/lib/node_modules/npm/npmrc Completed in 0ms
6 timing config:load:builtin Completed in 2ms
7 timing config:load:cli Completed in 1ms
8 timing config:load:env Completed in 1ms
9 timing config:load:file:/home/user147/sample-Firestore/external/.npmrc Completed in 0ms
10 timing config:load:project Completed in 3ms
11 timing config:load:file:/home/user147/.npmrc Completed in 0ms
12 timing config:load:user Completed in 0ms
13 timing config:load:file:/usr/local/nvm/versions/node/v16.4.0/etc/npmrc Completed in 0ms
14 timing config:load:global Completed in 1ms
15 timing config:load:validate Completed in 0ms
16 timing config:load:credentials Completed in 1ms
17 timing config:load:setEnvs Completed in 1ms
18 timing config:load Completed in 11ms
19 timing npm:load:configload Completed in 11ms
20 timing npm:load:mkdirpcache Completed in 7ms
21 timing npm:load:mkdirplogs Completed in 0ms
22 verbose title npm edit
23 verbose argv "edit"
24 timing npm:load:setTitle Completed in 1ms
25 timing config:load:flatten Completed in 4ms
26 timing npm:load:display Completed in 7ms
27 verbose logfile logs-max:10 dir:/home/user147/.npm/_logs
28 verbose logfile /home/user147/.npm/_logs/2022-09-14T10_21_17_361Z-debug-0.log
29 timing npm:load:logFile Completed in 7ms
30 timing npm:load:timers Completed in 0ms
31 timing npm:load:configScope Completed in 0ms
32 timing npm:load Completed in 36ms
33 timing command:edit Completed in 1ms
34 verbose stack Error: 
34 verbose stack Edit an installed package
34 verbose stack
34 verbose stack Usage:
34 verbose stack npm edit <pkg>[/<subpkg>...]
34 verbose stack
34 verbose stack Options:
34 verbose stack [--editor <editor>]
34 verbose stack
34 verbose stack Run "npm help edit" for more info
34 verbose stack     at Edit.usageError (/usr/local/nvm/versions/node/v16.4.0/lib/node_modules/npm/lib/base-command.js:88:26)
34 verbose stack     at Edit.exec (/usr/local/nvm/versions/node/v16.4.0/lib/node_modules/npm/lib/commands/edit.js:47:18)
34 verbose stack     at Npm.exec (/usr/local/nvm/versions/node/v16.4.0/lib/node_modules/npm/lib/npm.js:169:29)
34 verbose stack     at async module.exports (/usr/local/nvm/versions/node/v16.4.0/lib/node_modules/npm/lib/cli.js:78:5)
35 verbose cwd /home/user147/sample-Firestore/external
36 verbose Linux 5.10.133+
37 verbose node v16.4.0
38 verbose npm  v8.19.1
39 error code EUSAGE
40 error
40 error Edit an installed package
40 error
40 error Usage:
40 error npm edit <pkg>[/<subpkg>...]
40 error
40 error Options:
40 error [--editor <editor>]
40 error
40 error Run "npm help edit" for more info
41 verbose exit 1
42 timing npm Completed in 64ms
43 verbose code 1
44 error A complete log of this run can be found in:
44 error     /home/user147/.npm/_logs/2022-09-14T10_21_17_361Z-debug-0.log
